
> instagram-clone-backend@1.0.0 build
> tsc

src/database.ts(1,30): error TS2307: Cannot find module './generated/prisma' or its corresponding type declarations.
src/routes/posts.ts(103,42): error TS7006: Parameter 'post' implicitly has an 'any' type.
src/routes/posts.ts(111,41): error TS7006: Parameter 'c' implicitly has an 'any' type.
src/routes/posts.ts(128,33): error TS2345: Argument of type 'string | string[] | undefined' is not assignable to parameter of type 'string'.
  Type 'undefined' is not assignable to type 'string'.
src/routes/posts.ts(153,42): error TS7006: Parameter 'post' implicitly has an 'any' type.
src/routes/posts.ts(221,33): error TS2345: Argument of type 'string | string[] | undefined' is not assignable to parameter of type 'string'.
  Type 'undefined' is not assignable to type 'string'.
src/routes/posts.ts(258,33): error TS2345: Argument of type 'string | string[] | undefined' is not assignable to parameter of type 'string'.
  Type 'undefined' is not assignable to type 'string'.
src/routes/posts.ts(287,33): error TS2345: Argument of type 'string | string[] | undefined' is not assignable to parameter of type 'string'.
  Type 'undefined' is not assignable to type 'string'.
src/routes/posts.ts(309,33): error TS2345: Argument of type 'string | string[] | undefined' is not assignable to parameter of type 'string'.
  Type 'undefined' is not assignable to type 'string'.
src/routes/posts.ts(323,48): error TS7006: Parameter 'c' implicitly has an 'any' type.
src/routes/posts.ts(339,29): error TS2345: Argument of type 'string | string[] | undefined' is not assignable to parameter of type 'string'.
  Type 'undefined' is not assignable to type 'string'.
src/routes/posts.ts(376,36): error TS2345: Argument of type 'string | string[] | undefined' is not assignable to parameter of type 'string'.
  Type 'undefined' is not assignable to type 'string'.
src/routes/posts.ts(400,16): error TS2528: A module cannot have multiple default exports.
src/routes/posts.ts(401,10): error TS2300: Duplicate identifier 'authenticate'.
src/routes/posts.ts(401,24): error TS2300: Duplicate identifier 'AuthRequest'.
src/routes/posts.ts(404,16): error TS2528: A module cannot have multiple default exports.
src/routes/posts.ts(405,10): error TS2300: Duplicate identifier 'authenticate'.
src/routes/posts.ts(405,24): error TS2300: Duplicate identifier 'AuthRequest'.
src/routes/users.ts(131,44): error TS2769: No overload matches this call.
  The last overload gave the following error.
    Argument of type 'string | undefined' is not assignable to parameter of type 'string'.
      Type 'undefined' is not assignable to type 'string'.
src/routes/users.ts(193,35): error TS2345: Argument of type 'string | string[] | undefined' is not assignable to parameter of type 'string'.
  Type 'undefined' is not assignable to type 'string'.
src/routes/users.ts(228,35): error TS2345: Argument of type 'string | string[] | undefined' is not assignable to parameter of type 'string'.
  Type 'undefined' is not assignable to type 'string'.
src/routes/users.ts(271,23): error TS2769: No overload matches this call.
  The last overload gave the following error.
    Argument of type '(req: Request, res: Response) => Promise<express.Response<any, Record<string, any>> | undefined>' is not assignable to parameter of type 'Application<Record<string, any>>'.
      Type '(req: Request, res: Response<any, Record<string, any>>) => Promise<Response<any, Record<string, any>> | undefined>' is missing the following properties from type 'Application<Record<string, any>>': init, defaultConfiguration, engine, set, and 63 more.
src/routes/users.ts(272,19): error TS2339: Property 'query' does not exist on type 'Request'.
src/routes/users.ts(362,42): error TS7006: Parameter 's' implicitly has an 'any' type.
src/routes/users.ts(363,38): error TS7006: Parameter 's' implicitly has an 'any' type.
src/routes/users.ts(373,35): error TS2345: Argument of type 'string | string[] | undefined' is not assignable to parameter of type 'string'.
  Type 'undefined' is not assignable to type 'string'.
